Classic Timing Analyzer report for Block1
Thu Dec 07 17:32:05 2023
Quartus II Version 7.2 Build 151 09/26/2007 SJ Full Version


---------------------
; Table of Contents ;
---------------------
  1. Legal Notice
  2. Timing Analyzer Summary
  3. Timing Analyzer Settings
  4. Clock Settings Summary
  5. Clock Setup: 'clk'
  6. Clock Hold: 'clk'
  7. tco
  8. Timing Analyzer Messages



----------------
; Legal Notice ;
----------------
Copyright (C) 1991-2007 Altera Corporation
Your use of Altera Corporation's design tools, logic functions 
and other software and tools, and its AMPP partner logic 
functions, and any output files from any of the foregoing 
(including device programming or simulation files), and any 
associated documentation or information are expressly subject 
to the terms and conditions of the Altera Program License 
Subscription Agreement, Altera MegaCore Function License 
Agreement, or other applicable license agreement, including, 
without limitation, that your use is for the sole purpose of 
programming logic devices manufactured by Altera and sold by 
Altera or its authorized distributors.  Please refer to the 
applicable agreement for further details.



+------------------------------------------------------------------------------------------------------------------------------------------------------------------------------------------------------------------------+
; Timing Analyzer Summary                                                                                                                                                                                                ;
+------------------------------+------------------------------------------+---------------+----------------------------------+--------------------------+-------------------------+------------+----------+--------------+
; Type                         ; Slack                                    ; Required Time ; Actual Time                      ; From                     ; To                      ; From Clock ; To Clock ; Failed Paths ;
+------------------------------+------------------------------------------+---------------+----------------------------------+--------------------------+-------------------------+------------+----------+--------------+
; Worst-case tco               ; N/A                                      ; None          ; 14.234 ns                        ; 74192:inst2|24           ; out1                    ; clk        ; --       ; 0            ;
; Clock Setup: 'clk'           ; N/A                                      ; None          ; 280.90 MHz ( period = 3.560 ns ) ; DIV_50M_HZ:inst|temp[19] ; DIV_50M_HZ:inst|temp[0] ; clk        ; clk      ; 0            ;
; Clock Hold: 'clk'            ; Not operational: Clock Skew > Data Delay ; None          ; N/A                              ; 74192:inst2|24           ; 74192:inst2|24          ; clk        ; clk      ; 2            ;
; Total number of failed paths ;                                          ;               ;                                  ;                          ;                         ;            ;          ; 2            ;
+------------------------------+------------------------------------------+---------------+----------------------------------+--------------------------+-------------------------+------------+----------+--------------+


+---------------------------------------------------------------------------------------------------------------+
; Timing Analyzer Settings                                                                                      ;
+----------------------------------------------------------------+--------------------+------+----+-------------+
; Option                                                         ; Setting            ; From ; To ; Entity Name ;
+----------------------------------------------------------------+--------------------+------+----+-------------+
; Device Name                                                    ; EP2C35F672C6       ;      ;    ;             ;
; Timing Models                                                  ; Final              ;      ;    ;             ;
; Default hold multicycle                                        ; Same as Multicycle ;      ;    ;             ;
; Cut paths between unrelated clock domains                      ; On                 ;      ;    ;             ;
; Cut off read during write signal paths                         ; On                 ;      ;    ;             ;
; Cut off feedback from I/O pins                                 ; On                 ;      ;    ;             ;
; Report Combined Fast/Slow Timing                               ; Off                ;      ;    ;             ;
; Ignore Clock Settings                                          ; Off                ;      ;    ;             ;
; Analyze latches as synchronous elements                        ; On                 ;      ;    ;             ;
; Enable Recovery/Removal analysis                               ; Off                ;      ;    ;             ;
; Enable Clock Latency                                           ; Off                ;      ;    ;             ;
; Use TimeQuest Timing Analyzer                                  ; Off                ;      ;    ;             ;
; Number of source nodes to report per destination node          ; 10                 ;      ;    ;             ;
; Number of destination nodes to report                          ; 10                 ;      ;    ;             ;
; Number of paths to report                                      ; 200                ;      ;    ;             ;
; Report Minimum Timing Checks                                   ; Off                ;      ;    ;             ;
; Use Fast Timing Models                                         ; Off                ;      ;    ;             ;
; Report IO Paths Separately                                     ; Off                ;      ;    ;             ;
; Perform Multicorner Analysis                                   ; On                 ;      ;    ;             ;
; Reports the worst-case path for each clock domain and analysis ; Off                ;      ;    ;             ;
+----------------------------------------------------------------+--------------------+------+----+-------------+


+------------------------------------------------------------------------------------------------------------------------------------------------------------------------------------+
; Clock Settings Summary                                                                                                                                                             ;
+-----------------+--------------------+----------+------------------+---------------+--------------+----------+-----------------------+---------------------+--------+--------------+
; Clock Node Name ; Clock Setting Name ; Type     ; Fmax Requirement ; Early Latency ; Late Latency ; Based on ; Multiply Base Fmax by ; Divide Base Fmax by ; Offset ; Phase offset ;
+-----------------+--------------------+----------+------------------+---------------+--------------+----------+-----------------------+---------------------+--------+--------------+
; clk             ;                    ; User Pin ; None             ; 0.000 ns      ; 0.000 ns     ; --       ; N/A                   ; N/A                 ; N/A    ;              ;
+-----------------+--------------------+----------+------------------+---------------+--------------+----------+-----------------------+---------------------+--------+--------------+


+-----------------------------------------------------------------------------------------------------------------------------------------------------------------------------------------------------------------------------------------------------------------+
; Clock Setup: 'clk'                                                                                                                                                                                                                                              ;
+-----------------------------------------+-----------------------------------------------------+--------------------------+--------------------------+------------+----------+-----------------------------+---------------------------+-------------------------+
; Slack                                   ; Actual fmax (period)                                ; From                     ; To                       ; From Clock ; To Clock ; Required Setup Relationship ; Required Longest P2P Time ; Actual Longest P2P Time ;
+-----------------------------------------+-----------------------------------------------------+--------------------------+--------------------------+------------+----------+-----------------------------+---------------------------+-------------------------+
; N/A                                     ; 280.90 MHz ( period = 3.560 ns )                    ; DIV_50M_HZ:inst|temp[19] ; DIV_50M_HZ:inst|temp[11] ; clk        ; clk      ; None                        ; None                      ; 3.341 ns                ;
; N/A                                     ; 280.90 MHz ( period = 3.560 ns )                    ; DIV_50M_HZ:inst|temp[19] ; DIV_50M_HZ:inst|temp[7]  ; clk        ; clk      ; None                        ; None                      ; 3.341 ns                ;
; N/A                                     ; 280.90 MHz ( period = 3.560 ns )                    ; DIV_50M_HZ:inst|temp[19] ; DIV_50M_HZ:inst|temp[8]  ; clk        ; clk      ; None                        ; None                      ; 3.341 ns                ;
; N/A                                     ; 280.90 MHz ( period = 3.560 ns )                    ; DIV_50M_HZ:inst|temp[19] ; DIV_50M_HZ:inst|temp[9]  ; clk        ; clk      ; None                        ; None                      ; 3.341 ns                ;
; N/A                                     ; 280.90 MHz ( period = 3.560 ns )                    ; DIV_50M_HZ:inst|temp[19] ; DIV_50M_HZ:inst|temp[10] ; clk        ; clk      ; None                        ; None                      ; 3.341 ns                ;
; N/A                                     ; 280.90 MHz ( period = 3.560 ns )                    ; DIV_50M_HZ:inst|temp[19] ; DIV_50M_HZ:inst|temp[12] ; clk        ; clk      ; None                        ; None                      ; 3.341 ns                ;
; N/A                                     ; 280.90 MHz ( period = 3.560 ns )                    ; DIV_50M_HZ:inst|temp[19] ; DIV_50M_HZ:inst|temp[6]  ; clk        ; clk      ; None                        ; None                      ; 3.341 ns                ;
; N/A                                     ; 280.90 MHz ( period = 3.560 ns )                    ; DIV_50M_HZ:inst|temp[19] ; DIV_50M_HZ:inst|temp[5]  ; clk        ; clk      ; None                        ; None                      ; 3.341 ns                ;
; N/A                                     ; 280.90 MHz ( period = 3.560 ns )                    ; DIV_50M_HZ:inst|temp[19] ; DIV_50M_HZ:inst|temp[4]  ; clk        ; clk      ; None                        ; None                      ; 3.341 ns                ;
; N/A                                     ; 280.90 MHz ( period = 3.560 ns )                    ; DIV_50M_HZ:inst|temp[19] ; DIV_50M_HZ:inst|temp[3]  ; clk        ; clk      ; None                        ; None                      ; 3.341 ns                ;
; N/A                                     ; 280.90 MHz ( period = 3.560 ns )                    ; DIV_50M_HZ:inst|temp[19] ; DIV_50M_HZ:inst|temp[2]  ; clk        ; clk      ; None                        ; None                      ; 3.341 ns                ;
; N/A                                     ; 280.90 MHz ( period = 3.560 ns )                    ; DIV_50M_HZ:inst|temp[19] ; DIV_50M_HZ:inst|temp[1]  ; clk        ; clk      ; None                        ; None                      ; 3.341 ns                ;
; N/A                                     ; 280.90 MHz ( period = 3.560 ns )                    ; DIV_50M_HZ:inst|temp[19] ; DIV_50M_HZ:inst|temp[0]  ; clk        ; clk      ; None                        ; None                      ; 3.341 ns                ;
; N/A                                     ; 289.10 MHz ( period = 3.459 ns )                    ; DIV_50M_HZ:inst|temp[7]  ; DIV_50M_HZ:inst|temp[11] ; clk        ; clk      ; None                        ; None                      ; 3.245 ns                ;
; N/A                                     ; 289.10 MHz ( period = 3.459 ns )                    ; DIV_50M_HZ:inst|temp[7]  ; DIV_50M_HZ:inst|temp[7]  ; clk        ; clk      ; None                        ; None                      ; 3.245 ns                ;
; N/A                                     ; 289.10 MHz ( period = 3.459 ns )                    ; DIV_50M_HZ:inst|temp[7]  ; DIV_50M_HZ:inst|temp[8]  ; clk        ; clk      ; None                        ; None                      ; 3.245 ns                ;
; N/A                                     ; 289.10 MHz ( period = 3.459 ns )                    ; DIV_50M_HZ:inst|temp[7]  ; DIV_50M_HZ:inst|temp[9]  ; clk        ; clk      ; None                        ; None                      ; 3.245 ns                ;
; N/A                                     ; 289.10 MHz ( period = 3.459 ns )                    ; DIV_50M_HZ:inst|temp[7]  ; DIV_50M_HZ:inst|temp[10] ; clk        ; clk      ; None                        ; None                      ; 3.245 ns                ;
; N/A                                     ; 289.10 MHz ( period = 3.459 ns )                    ; DIV_50M_HZ:inst|temp[7]  ; DIV_50M_HZ:inst|temp[12] ; clk        ; clk      ; None                        ; None                      ; 3.245 ns                ;
; N/A                                     ; 289.10 MHz ( period = 3.459 ns )                    ; DIV_50M_HZ:inst|temp[7]  ; DIV_50M_HZ:inst|temp[6]  ; clk        ; clk      ; None                        ; None                      ; 3.245 ns                ;
; N/A                                     ; 289.10 MHz ( period = 3.459 ns )                    ; DIV_50M_HZ:inst|temp[7]  ; DIV_50M_HZ:inst|temp[5]  ; clk        ; clk      ; None                        ; None                      ; 3.245 ns                ;
; N/A                                     ; 289.10 MHz ( period = 3.459 ns )                    ; DIV_50M_HZ:inst|temp[7]  ; DIV_50M_HZ:inst|temp[4]  ; clk        ; clk      ; None                        ; None                      ; 3.245 ns                ;
; N/A                                     ; 289.10 MHz ( period = 3.459 ns )                    ; DIV_50M_HZ:inst|temp[7]  ; DIV_50M_HZ:inst|temp[3]  ; clk        ; clk      ; None                        ; None                      ; 3.245 ns                ;
; N/A                                     ; 289.10 MHz ( period = 3.459 ns )                    ; DIV_50M_HZ:inst|temp[7]  ; DIV_50M_HZ:inst|temp[2]  ; clk        ; clk      ; None                        ; None                      ; 3.245 ns                ;
; N/A                                     ; 289.10 MHz ( period = 3.459 ns )                    ; DIV_50M_HZ:inst|temp[7]  ; DIV_50M_HZ:inst|temp[1]  ; clk        ; clk      ; None                        ; None                      ; 3.245 ns                ;
; N/A                                     ; 289.10 MHz ( period = 3.459 ns )                    ; DIV_50M_HZ:inst|temp[7]  ; DIV_50M_HZ:inst|temp[0]  ; clk        ; clk      ; None                        ; None                      ; 3.245 ns                ;
; N/A                                     ; 291.12 MHz ( period = 3.435 ns )                    ; DIV_50M_HZ:inst|temp[8]  ; DIV_50M_HZ:inst|temp[11] ; clk        ; clk      ; None                        ; None                      ; 3.221 ns                ;
; N/A                                     ; 291.12 MHz ( period = 3.435 ns )                    ; DIV_50M_HZ:inst|temp[8]  ; DIV_50M_HZ:inst|temp[7]  ; clk        ; clk      ; None                        ; None                      ; 3.221 ns                ;
; N/A                                     ; 291.12 MHz ( period = 3.435 ns )                    ; DIV_50M_HZ:inst|temp[8]  ; DIV_50M_HZ:inst|temp[8]  ; clk        ; clk      ; None                        ; None                      ; 3.221 ns                ;
; N/A                                     ; 291.12 MHz ( period = 3.435 ns )                    ; DIV_50M_HZ:inst|temp[8]  ; DIV_50M_HZ:inst|temp[9]  ; clk        ; clk      ; None                        ; None                      ; 3.221 ns                ;
; N/A                                     ; 291.12 MHz ( period = 3.435 ns )                    ; DIV_50M_HZ:inst|temp[8]  ; DIV_50M_HZ:inst|temp[10] ; clk        ; clk      ; None                        ; None                      ; 3.221 ns                ;
; N/A                                     ; 291.12 MHz ( period = 3.435 ns )                    ; DIV_50M_HZ:inst|temp[8]  ; DIV_50M_HZ:inst|temp[12] ; clk        ; clk      ; None                        ; None                      ; 3.221 ns                ;
; N/A                                     ; 291.12 MHz ( period = 3.435 ns )                    ; DIV_50M_HZ:inst|temp[8]  ; DIV_50M_HZ:inst|temp[6]  ; clk        ; clk      ; None                        ; None                      ; 3.221 ns                ;
; N/A                                     ; 291.12 MHz ( period = 3.435 ns )                    ; DIV_50M_HZ:inst|temp[8]  ; DIV_50M_HZ:inst|temp[5]  ; clk        ; clk      ; None                        ; None                      ; 3.221 ns                ;
; N/A                                     ; 291.12 MHz ( period = 3.435 ns )                    ; DIV_50M_HZ:inst|temp[8]  ; DIV_50M_HZ:inst|temp[4]  ; clk        ; clk      ; None                        ; None                      ; 3.221 ns                ;
; N/A                                     ; 291.12 MHz ( period = 3.435 ns )                    ; DIV_50M_HZ:inst|temp[8]  ; DIV_50M_HZ:inst|temp[3]  ; clk        ; clk      ; None                        ; None                      ; 3.221 ns                ;
; N/A                                     ; 291.12 MHz ( period = 3.435 ns )                    ; DIV_50M_HZ:inst|temp[8]  ; DIV_50M_HZ:inst|temp[2]  ; clk        ; clk      ; None                        ; None                      ; 3.221 ns                ;
; N/A                                     ; 291.12 MHz ( period = 3.435 ns )                    ; DIV_50M_HZ:inst|temp[8]  ; DIV_50M_HZ:inst|temp[1]  ; clk        ; clk      ; None                        ; None                      ; 3.221 ns                ;
; N/A                                     ; 291.12 MHz ( period = 3.435 ns )                    ; DIV_50M_HZ:inst|temp[8]  ; DIV_50M_HZ:inst|temp[0]  ; clk        ; clk      ; None                        ; None                      ; 3.221 ns                ;
; N/A                                     ; 294.38 MHz ( period = 3.397 ns )                    ; DIV_50M_HZ:inst|temp[0]  ; DIV_50M_HZ:inst|temp[25] ; clk        ; clk      ; None                        ; None                      ; 3.188 ns                ;
; N/A                                     ; 295.07 MHz ( period = 3.389 ns )                    ; DIV_50M_HZ:inst|temp[17] ; DIV_50M_HZ:inst|temp[11] ; clk        ; clk      ; None                        ; None                      ; 3.170 ns                ;
; N/A                                     ; 295.07 MHz ( period = 3.389 ns )                    ; DIV_50M_HZ:inst|temp[17] ; DIV_50M_HZ:inst|temp[7]  ; clk        ; clk      ; None                        ; None                      ; 3.170 ns                ;
; N/A                                     ; 295.07 MHz ( period = 3.389 ns )                    ; DIV_50M_HZ:inst|temp[17] ; DIV_50M_HZ:inst|temp[8]  ; clk        ; clk      ; None                        ; None                      ; 3.170 ns                ;
; N/A                                     ; 295.07 MHz ( period = 3.389 ns )                    ; DIV_50M_HZ:inst|temp[17] ; DIV_50M_HZ:inst|temp[9]  ; clk        ; clk      ; None                        ; None                      ; 3.170 ns                ;
; N/A                                     ; 295.07 MHz ( period = 3.389 ns )                    ; DIV_50M_HZ:inst|temp[17] ; DIV_50M_HZ:inst|temp[10] ; clk        ; clk      ; None                        ; None                      ; 3.170 ns                ;
; N/A                                     ; 295.07 MHz ( period = 3.389 ns )                    ; DIV_50M_HZ:inst|temp[17] ; DIV_50M_HZ:inst|temp[12] ; clk        ; clk      ; None                        ; None                      ; 3.170 ns                ;
; N/A                                     ; 295.07 MHz ( period = 3.389 ns )                    ; DIV_50M_HZ:inst|temp[17] ; DIV_50M_HZ:inst|temp[6]  ; clk        ; clk      ; None                        ; None                      ; 3.170 ns                ;
; N/A                                     ; 295.07 MHz ( period = 3.389 ns )                    ; DIV_50M_HZ:inst|temp[17] ; DIV_50M_HZ:inst|temp[5]  ; clk        ; clk      ; None                        ; None                      ; 3.170 ns                ;
; N/A                                     ; 295.07 MHz ( period = 3.389 ns )                    ; DIV_50M_HZ:inst|temp[17] ; DIV_50M_HZ:inst|temp[4]  ; clk        ; clk      ; None                        ; None                      ; 3.170 ns                ;
; N/A                                     ; 295.07 MHz ( period = 3.389 ns )                    ; DIV_50M_HZ:inst|temp[17] ; DIV_50M_HZ:inst|temp[3]  ; clk        ; clk      ; None                        ; None                      ; 3.170 ns                ;
; N/A                                     ; 295.07 MHz ( period = 3.389 ns )                    ; DIV_50M_HZ:inst|temp[17] ; DIV_50M_HZ:inst|temp[2]  ; clk        ; clk      ; None                        ; None                      ; 3.170 ns                ;
; N/A                                     ; 295.07 MHz ( period = 3.389 ns )                    ; DIV_50M_HZ:inst|temp[17] ; DIV_50M_HZ:inst|temp[1]  ; clk        ; clk      ; None                        ; None                      ; 3.170 ns                ;
; N/A                                     ; 295.07 MHz ( period = 3.389 ns )                    ; DIV_50M_HZ:inst|temp[17] ; DIV_50M_HZ:inst|temp[0]  ; clk        ; clk      ; None                        ; None                      ; 3.170 ns                ;
; N/A                                     ; 297.97 MHz ( period = 3.356 ns )                    ; DIV_50M_HZ:inst|temp[9]  ; DIV_50M_HZ:inst|temp[11] ; clk        ; clk      ; None                        ; None                      ; 3.142 ns                ;
; N/A                                     ; 297.97 MHz ( period = 3.356 ns )                    ; DIV_50M_HZ:inst|temp[9]  ; DIV_50M_HZ:inst|temp[7]  ; clk        ; clk      ; None                        ; None                      ; 3.142 ns                ;
; N/A                                     ; 297.97 MHz ( period = 3.356 ns )                    ; DIV_50M_HZ:inst|temp[9]  ; DIV_50M_HZ:inst|temp[8]  ; clk        ; clk      ; None                        ; None                      ; 3.142 ns                ;
; N/A                                     ; 297.97 MHz ( period = 3.356 ns )                    ; DIV_50M_HZ:inst|temp[9]  ; DIV_50M_HZ:inst|temp[9]  ; clk        ; clk      ; None                        ; None                      ; 3.142 ns                ;
; N/A                                     ; 297.97 MHz ( period = 3.356 ns )                    ; DIV_50M_HZ:inst|temp[9]  ; DIV_50M_HZ:inst|temp[10] ; clk        ; clk      ; None                        ; None                      ; 3.142 ns                ;
; N/A                                     ; 297.97 MHz ( period = 3.356 ns )                    ; DIV_50M_HZ:inst|temp[9]  ; DIV_50M_HZ:inst|temp[12] ; clk        ; clk      ; None                        ; None                      ; 3.142 ns                ;
; N/A                                     ; 297.97 MHz ( period = 3.356 ns )                    ; DIV_50M_HZ:inst|temp[9]  ; DIV_50M_HZ:inst|temp[6]  ; clk        ; clk      ; None                        ; None                      ; 3.142 ns                ;
; N/A                                     ; 297.97 MHz ( period = 3.356 ns )                    ; DIV_50M_HZ:inst|temp[9]  ; DIV_50M_HZ:inst|temp[5]  ; clk        ; clk      ; None                        ; None                      ; 3.142 ns                ;
; N/A                                     ; 297.97 MHz ( period = 3.356 ns )                    ; DIV_50M_HZ:inst|temp[9]  ; DIV_50M_HZ:inst|temp[4]  ; clk        ; clk      ; None                        ; None                      ; 3.142 ns                ;
; N/A                                     ; 297.97 MHz ( period = 3.356 ns )                    ; DIV_50M_HZ:inst|temp[9]  ; DIV_50M_HZ:inst|temp[3]  ; clk        ; clk      ; None                        ; None                      ; 3.142 ns                ;
; N/A                                     ; 297.97 MHz ( period = 3.356 ns )                    ; DIV_50M_HZ:inst|temp[9]  ; DIV_50M_HZ:inst|temp[2]  ; clk        ; clk      ; None                        ; None                      ; 3.142 ns                ;
; N/A                                     ; 297.97 MHz ( period = 3.356 ns )                    ; DIV_50M_HZ:inst|temp[9]  ; DIV_50M_HZ:inst|temp[1]  ; clk        ; clk      ; None                        ; None                      ; 3.142 ns                ;
; N/A                                     ; 297.97 MHz ( period = 3.356 ns )                    ; DIV_50M_HZ:inst|temp[9]  ; DIV_50M_HZ:inst|temp[0]  ; clk        ; clk      ; None                        ; None                      ; 3.142 ns                ;
; N/A                                     ; 298.78 MHz ( period = 3.347 ns )                    ; DIV_50M_HZ:inst|temp[24] ; DIV_50M_HZ:inst|temp[11] ; clk        ; clk      ; None                        ; None                      ; 3.128 ns                ;
; N/A                                     ; 298.78 MHz ( period = 3.347 ns )                    ; DIV_50M_HZ:inst|temp[24] ; DIV_50M_HZ:inst|temp[7]  ; clk        ; clk      ; None                        ; None                      ; 3.128 ns                ;
; N/A                                     ; 298.78 MHz ( period = 3.347 ns )                    ; DIV_50M_HZ:inst|temp[24] ; DIV_50M_HZ:inst|temp[8]  ; clk        ; clk      ; None                        ; None                      ; 3.128 ns                ;
; N/A                                     ; 298.78 MHz ( period = 3.347 ns )                    ; DIV_50M_HZ:inst|temp[24] ; DIV_50M_HZ:inst|temp[9]  ; clk        ; clk      ; None                        ; None                      ; 3.128 ns                ;
; N/A                                     ; 298.78 MHz ( period = 3.347 ns )                    ; DIV_50M_HZ:inst|temp[24] ; DIV_50M_HZ:inst|temp[10] ; clk        ; clk      ; None                        ; None                      ; 3.128 ns                ;
; N/A                                     ; 298.78 MHz ( period = 3.347 ns )                    ; DIV_50M_HZ:inst|temp[24] ; DIV_50M_HZ:inst|temp[12] ; clk        ; clk      ; None                        ; None                      ; 3.128 ns                ;
; N/A                                     ; 298.78 MHz ( period = 3.347 ns )                    ; DIV_50M_HZ:inst|temp[24] ; DIV_50M_HZ:inst|temp[6]  ; clk        ; clk      ; None                        ; None                      ; 3.128 ns                ;
; N/A                                     ; 298.78 MHz ( period = 3.347 ns )                    ; DIV_50M_HZ:inst|temp[24] ; DIV_50M_HZ:inst|temp[5]  ; clk        ; clk      ; None                        ; None                      ; 3.128 ns                ;
; N/A                                     ; 298.78 MHz ( period = 3.347 ns )                    ; DIV_50M_HZ:inst|temp[24] ; DIV_50M_HZ:inst|temp[4]  ; clk        ; clk      ; None                        ; None                      ; 3.128 ns                ;
; N/A                                     ; 298.78 MHz ( period = 3.347 ns )                    ; DIV_50M_HZ:inst|temp[24] ; DIV_50M_HZ:inst|temp[3]  ; clk        ; clk      ; None                        ; None                      ; 3.128 ns                ;
; N/A                                     ; 298.78 MHz ( period = 3.347 ns )                    ; DIV_50M_HZ:inst|temp[24] ; DIV_50M_HZ:inst|temp[2]  ; clk        ; clk      ; None                        ; None                      ; 3.128 ns                ;
; N/A                                     ; 298.78 MHz ( period = 3.347 ns )                    ; DIV_50M_HZ:inst|temp[24] ; DIV_50M_HZ:inst|temp[1]  ; clk        ; clk      ; None                        ; None                      ; 3.128 ns                ;
; N/A                                     ; 298.78 MHz ( period = 3.347 ns )                    ; DIV_50M_HZ:inst|temp[24] ; DIV_50M_HZ:inst|temp[0]  ; clk        ; clk      ; None                        ; None                      ; 3.128 ns                ;
; N/A                                     ; 299.31 MHz ( period = 3.341 ns )                    ; DIV_50M_HZ:inst|temp[19] ; DIV_50M_HZ:inst|temp[24] ; clk        ; clk      ; None                        ; None                      ; 3.127 ns                ;
; N/A                                     ; 299.31 MHz ( period = 3.341 ns )                    ; DIV_50M_HZ:inst|temp[19] ; DIV_50M_HZ:inst|temp[25] ; clk        ; clk      ; None                        ; None                      ; 3.127 ns                ;
; N/A                                     ; 299.31 MHz ( period = 3.341 ns )                    ; DIV_50M_HZ:inst|temp[19] ; DIV_50M_HZ:inst|temp[23] ; clk        ; clk      ; None                        ; None                      ; 3.127 ns                ;
; N/A                                     ; 299.31 MHz ( period = 3.341 ns )                    ; DIV_50M_HZ:inst|temp[19] ; DIV_50M_HZ:inst|temp[22] ; clk        ; clk      ; None                        ; None                      ; 3.127 ns                ;
; N/A                                     ; 299.31 MHz ( period = 3.341 ns )                    ; DIV_50M_HZ:inst|temp[19] ; DIV_50M_HZ:inst|temp[21] ; clk        ; clk      ; None                        ; None                      ; 3.127 ns                ;
; N/A                                     ; 299.31 MHz ( period = 3.341 ns )                    ; DIV_50M_HZ:inst|temp[19] ; DIV_50M_HZ:inst|temp[20] ; clk        ; clk      ; None                        ; None                      ; 3.127 ns                ;
; N/A                                     ; 299.31 MHz ( period = 3.341 ns )                    ; DIV_50M_HZ:inst|temp[19] ; DIV_50M_HZ:inst|temp[19] ; clk        ; clk      ; None                        ; None                      ; 3.127 ns                ;
; N/A                                     ; 299.31 MHz ( period = 3.341 ns )                    ; DIV_50M_HZ:inst|temp[19] ; DIV_50M_HZ:inst|temp[17] ; clk        ; clk      ; None                        ; None                      ; 3.127 ns                ;
; N/A                                     ; 299.31 MHz ( period = 3.341 ns )                    ; DIV_50M_HZ:inst|temp[19] ; DIV_50M_HZ:inst|temp[18] ; clk        ; clk      ; None                        ; None                      ; 3.127 ns                ;
; N/A                                     ; 299.31 MHz ( period = 3.341 ns )                    ; DIV_50M_HZ:inst|temp[19] ; DIV_50M_HZ:inst|temp[16] ; clk        ; clk      ; None                        ; None                      ; 3.127 ns                ;
; N/A                                     ; 299.31 MHz ( period = 3.341 ns )                    ; DIV_50M_HZ:inst|temp[19] ; DIV_50M_HZ:inst|temp[14] ; clk        ; clk      ; None                        ; None                      ; 3.127 ns                ;
; N/A                                     ; 299.31 MHz ( period = 3.341 ns )                    ; DIV_50M_HZ:inst|temp[19] ; DIV_50M_HZ:inst|temp[15] ; clk        ; clk      ; None                        ; None                      ; 3.127 ns                ;
; N/A                                     ; 299.31 MHz ( period = 3.341 ns )                    ; DIV_50M_HZ:inst|temp[19] ; DIV_50M_HZ:inst|temp[13] ; clk        ; clk      ; None                        ; None                      ; 3.127 ns                ;
; N/A                                     ; 300.66 MHz ( period = 3.326 ns )                    ; DIV_50M_HZ:inst|temp[0]  ; DIV_50M_HZ:inst|temp[24] ; clk        ; clk      ; None                        ; None                      ; 3.117 ns                ;
; N/A                                     ; 302.57 MHz ( period = 3.305 ns )                    ; DIV_50M_HZ:inst|temp[20] ; DIV_50M_HZ:inst|temp[11] ; clk        ; clk      ; None                        ; None                      ; 3.086 ns                ;
; N/A                                     ; 302.57 MHz ( period = 3.305 ns )                    ; DIV_50M_HZ:inst|temp[20] ; DIV_50M_HZ:inst|temp[7]  ; clk        ; clk      ; None                        ; None                      ; 3.086 ns                ;
; N/A                                     ; 302.57 MHz ( period = 3.305 ns )                    ; DIV_50M_HZ:inst|temp[20] ; DIV_50M_HZ:inst|temp[8]  ; clk        ; clk      ; None                        ; None                      ; 3.086 ns                ;
; N/A                                     ; 302.57 MHz ( period = 3.305 ns )                    ; DIV_50M_HZ:inst|temp[20] ; DIV_50M_HZ:inst|temp[9]  ; clk        ; clk      ; None                        ; None                      ; 3.086 ns                ;
; N/A                                     ; 302.57 MHz ( period = 3.305 ns )                    ; DIV_50M_HZ:inst|temp[20] ; DIV_50M_HZ:inst|temp[10] ; clk        ; clk      ; None                        ; None                      ; 3.086 ns                ;
; N/A                                     ; 302.57 MHz ( period = 3.305 ns )                    ; DIV_50M_HZ:inst|temp[20] ; DIV_50M_HZ:inst|temp[12] ; clk        ; clk      ; None                        ; None                      ; 3.086 ns                ;
; N/A                                     ; 302.57 MHz ( period = 3.305 ns )                    ; DIV_50M_HZ:inst|temp[20] ; DIV_50M_HZ:inst|temp[6]  ; clk        ; clk      ; None                        ; None                      ; 3.086 ns                ;
; N/A                                     ; 302.57 MHz ( period = 3.305 ns )                    ; DIV_50M_HZ:inst|temp[20] ; DIV_50M_HZ:inst|temp[5]  ; clk        ; clk      ; None                        ; None                      ; 3.086 ns                ;
; N/A                                     ; 302.57 MHz ( period = 3.305 ns )                    ; DIV_50M_HZ:inst|temp[20] ; DIV_50M_HZ:inst|temp[4]  ; clk        ; clk      ; None                        ; None                      ; 3.086 ns                ;
; N/A                                     ; 302.57 MHz ( period = 3.305 ns )                    ; DIV_50M_HZ:inst|temp[20] ; DIV_50M_HZ:inst|temp[3]  ; clk        ; clk      ; None                        ; None                      ; 3.086 ns                ;
; N/A                                     ; 302.57 MHz ( period = 3.305 ns )                    ; DIV_50M_HZ:inst|temp[20] ; DIV_50M_HZ:inst|temp[2]  ; clk        ; clk      ; None                        ; None                      ; 3.086 ns                ;
; N/A                                     ; 302.57 MHz ( period = 3.305 ns )                    ; DIV_50M_HZ:inst|temp[20] ; DIV_50M_HZ:inst|temp[1]  ; clk        ; clk      ; None                        ; None                      ; 3.086 ns                ;
; N/A                                     ; 302.57 MHz ( period = 3.305 ns )                    ; DIV_50M_HZ:inst|temp[20] ; DIV_50M_HZ:inst|temp[0]  ; clk        ; clk      ; None                        ; None                      ; 3.086 ns                ;
; N/A                                     ; 304.23 MHz ( period = 3.287 ns )                    ; DIV_50M_HZ:inst|temp[1]  ; DIV_50M_HZ:inst|temp[25] ; clk        ; clk      ; None                        ; None                      ; 3.078 ns                ;
; N/A                                     ; 304.69 MHz ( period = 3.282 ns )                    ; DIV_50M_HZ:inst|temp[15] ; DIV_50M_HZ:inst|temp[11] ; clk        ; clk      ; None                        ; None                      ; 3.063 ns                ;
; N/A                                     ; 304.69 MHz ( period = 3.282 ns )                    ; DIV_50M_HZ:inst|temp[15] ; DIV_50M_HZ:inst|temp[7]  ; clk        ; clk      ; None                        ; None                      ; 3.063 ns                ;
; N/A                                     ; 304.69 MHz ( period = 3.282 ns )                    ; DIV_50M_HZ:inst|temp[15] ; DIV_50M_HZ:inst|temp[8]  ; clk        ; clk      ; None                        ; None                      ; 3.063 ns                ;
; N/A                                     ; 304.69 MHz ( period = 3.282 ns )                    ; DIV_50M_HZ:inst|temp[15] ; DIV_50M_HZ:inst|temp[9]  ; clk        ; clk      ; None                        ; None                      ; 3.063 ns                ;
; N/A                                     ; 304.69 MHz ( period = 3.282 ns )                    ; DIV_50M_HZ:inst|temp[15] ; DIV_50M_HZ:inst|temp[10] ; clk        ; clk      ; None                        ; None                      ; 3.063 ns                ;
; N/A                                     ; 304.69 MHz ( period = 3.282 ns )                    ; DIV_50M_HZ:inst|temp[15] ; DIV_50M_HZ:inst|temp[12] ; clk        ; clk      ; None                        ; None                      ; 3.063 ns                ;
; N/A                                     ; 304.69 MHz ( period = 3.282 ns )                    ; DIV_50M_HZ:inst|temp[15] ; DIV_50M_HZ:inst|temp[6]  ; clk        ; clk      ; None                        ; None                      ; 3.063 ns                ;
; N/A                                     ; 304.69 MHz ( period = 3.282 ns )                    ; DIV_50M_HZ:inst|temp[15] ; DIV_50M_HZ:inst|temp[5]  ; clk        ; clk      ; None                        ; None                      ; 3.063 ns                ;
; N/A                                     ; 304.69 MHz ( period = 3.282 ns )                    ; DIV_50M_HZ:inst|temp[15] ; DIV_50M_HZ:inst|temp[4]  ; clk        ; clk      ; None                        ; None                      ; 3.063 ns                ;
; N/A                                     ; 304.69 MHz ( period = 3.282 ns )                    ; DIV_50M_HZ:inst|temp[15] ; DIV_50M_HZ:inst|temp[3]  ; clk        ; clk      ; None                        ; None                      ; 3.063 ns                ;
; N/A                                     ; 304.69 MHz ( period = 3.282 ns )                    ; DIV_50M_HZ:inst|temp[15] ; DIV_50M_HZ:inst|temp[2]  ; clk        ; clk      ; None                        ; None                      ; 3.063 ns                ;
; N/A                                     ; 304.69 MHz ( period = 3.282 ns )                    ; DIV_50M_HZ:inst|temp[15] ; DIV_50M_HZ:inst|temp[1]  ; clk        ; clk      ; None                        ; None                      ; 3.063 ns                ;
; N/A                                     ; 304.69 MHz ( period = 3.282 ns )                    ; DIV_50M_HZ:inst|temp[15] ; DIV_50M_HZ:inst|temp[0]  ; clk        ; clk      ; None                        ; None                      ; 3.063 ns                ;
; N/A                                     ; 307.13 MHz ( period = 3.256 ns )                    ; DIV_50M_HZ:inst|temp[2]  ; DIV_50M_HZ:inst|temp[25] ; clk        ; clk      ; None                        ; None                      ; 3.047 ns                ;
; N/A                                     ; 307.22 MHz ( period = 3.255 ns )                    ; DIV_50M_HZ:inst|temp[0]  ; DIV_50M_HZ:inst|temp[23] ; clk        ; clk      ; None                        ; None                      ; 3.046 ns                ;
; N/A                                     ; 308.64 MHz ( period = 3.240 ns )                    ; DIV_50M_HZ:inst|temp[7]  ; DIV_50M_HZ:inst|temp[24] ; clk        ; clk      ; None                        ; None                      ; 3.031 ns                ;
; N/A                                     ; 308.64 MHz ( period = 3.240 ns )                    ; DIV_50M_HZ:inst|temp[7]  ; DIV_50M_HZ:inst|temp[25] ; clk        ; clk      ; None                        ; None                      ; 3.031 ns                ;
; N/A                                     ; 308.64 MHz ( period = 3.240 ns )                    ; DIV_50M_HZ:inst|temp[7]  ; DIV_50M_HZ:inst|temp[23] ; clk        ; clk      ; None                        ; None                      ; 3.031 ns                ;
; N/A                                     ; 308.64 MHz ( period = 3.240 ns )                    ; DIV_50M_HZ:inst|temp[7]  ; DIV_50M_HZ:inst|temp[22] ; clk        ; clk      ; None                        ; None                      ; 3.031 ns                ;
; N/A                                     ; 308.64 MHz ( period = 3.240 ns )                    ; DIV_50M_HZ:inst|temp[7]  ; DIV_50M_HZ:inst|temp[21] ; clk        ; clk      ; None                        ; None                      ; 3.031 ns                ;
; N/A                                     ; 308.64 MHz ( period = 3.240 ns )                    ; DIV_50M_HZ:inst|temp[7]  ; DIV_50M_HZ:inst|temp[20] ; clk        ; clk      ; None                        ; None                      ; 3.031 ns                ;
; N/A                                     ; 308.64 MHz ( period = 3.240 ns )                    ; DIV_50M_HZ:inst|temp[7]  ; DIV_50M_HZ:inst|temp[19] ; clk        ; clk      ; None                        ; None                      ; 3.031 ns                ;
; N/A                                     ; 308.64 MHz ( period = 3.240 ns )                    ; DIV_50M_HZ:inst|temp[7]  ; DIV_50M_HZ:inst|temp[17] ; clk        ; clk      ; None                        ; None                      ; 3.031 ns                ;
; N/A                                     ; 308.64 MHz ( period = 3.240 ns )                    ; DIV_50M_HZ:inst|temp[7]  ; DIV_50M_HZ:inst|temp[18] ; clk        ; clk      ; None                        ; None                      ; 3.031 ns                ;
; N/A                                     ; 308.64 MHz ( period = 3.240 ns )                    ; DIV_50M_HZ:inst|temp[7]  ; DIV_50M_HZ:inst|temp[16] ; clk        ; clk      ; None                        ; None                      ; 3.031 ns                ;
; N/A                                     ; 308.64 MHz ( period = 3.240 ns )                    ; DIV_50M_HZ:inst|temp[7]  ; DIV_50M_HZ:inst|temp[14] ; clk        ; clk      ; None                        ; None                      ; 3.031 ns                ;
; N/A                                     ; 308.64 MHz ( period = 3.240 ns )                    ; DIV_50M_HZ:inst|temp[7]  ; DIV_50M_HZ:inst|temp[15] ; clk        ; clk      ; None                        ; None                      ; 3.031 ns                ;
; N/A                                     ; 308.64 MHz ( period = 3.240 ns )                    ; DIV_50M_HZ:inst|temp[7]  ; DIV_50M_HZ:inst|temp[13] ; clk        ; clk      ; None                        ; None                      ; 3.031 ns                ;
; N/A                                     ; 308.83 MHz ( period = 3.238 ns )                    ; DIV_50M_HZ:inst|temp[16] ; DIV_50M_HZ:inst|temp[11] ; clk        ; clk      ; None                        ; None                      ; 3.019 ns                ;
; N/A                                     ; 308.83 MHz ( period = 3.238 ns )                    ; DIV_50M_HZ:inst|temp[16] ; DIV_50M_HZ:inst|temp[7]  ; clk        ; clk      ; None                        ; None                      ; 3.019 ns                ;
; N/A                                     ; 308.83 MHz ( period = 3.238 ns )                    ; DIV_50M_HZ:inst|temp[16] ; DIV_50M_HZ:inst|temp[8]  ; clk        ; clk      ; None                        ; None                      ; 3.019 ns                ;
; N/A                                     ; 308.83 MHz ( period = 3.238 ns )                    ; DIV_50M_HZ:inst|temp[16] ; DIV_50M_HZ:inst|temp[9]  ; clk        ; clk      ; None                        ; None                      ; 3.019 ns                ;
; N/A                                     ; 308.83 MHz ( period = 3.238 ns )                    ; DIV_50M_HZ:inst|temp[16] ; DIV_50M_HZ:inst|temp[10] ; clk        ; clk      ; None                        ; None                      ; 3.019 ns                ;
; N/A                                     ; 308.83 MHz ( period = 3.238 ns )                    ; DIV_50M_HZ:inst|temp[16] ; DIV_50M_HZ:inst|temp[12] ; clk        ; clk      ; None                        ; None                      ; 3.019 ns                ;
; N/A                                     ; 308.83 MHz ( period = 3.238 ns )                    ; DIV_50M_HZ:inst|temp[16] ; DIV_50M_HZ:inst|temp[6]  ; clk        ; clk      ; None                        ; None                      ; 3.019 ns                ;
; N/A                                     ; 308.83 MHz ( period = 3.238 ns )                    ; DIV_50M_HZ:inst|temp[16] ; DIV_50M_HZ:inst|temp[5]  ; clk        ; clk      ; None                        ; None                      ; 3.019 ns                ;
; N/A                                     ; 308.83 MHz ( period = 3.238 ns )                    ; DIV_50M_HZ:inst|temp[16] ; DIV_50M_HZ:inst|temp[4]  ; clk        ; clk      ; None                        ; None                      ; 3.019 ns                ;
; N/A                                     ; 308.83 MHz ( period = 3.238 ns )                    ; DIV_50M_HZ:inst|temp[16] ; DIV_50M_HZ:inst|temp[3]  ; clk        ; clk      ; None                        ; None                      ; 3.019 ns                ;
; N/A                                     ; 308.83 MHz ( period = 3.238 ns )                    ; DIV_50M_HZ:inst|temp[16] ; DIV_50M_HZ:inst|temp[2]  ; clk        ; clk      ; None                        ; None                      ; 3.019 ns                ;
; N/A                                     ; 308.83 MHz ( period = 3.238 ns )                    ; DIV_50M_HZ:inst|temp[16] ; DIV_50M_HZ:inst|temp[1]  ; clk        ; clk      ; None                        ; None                      ; 3.019 ns                ;
; N/A                                     ; 308.83 MHz ( period = 3.238 ns )                    ; DIV_50M_HZ:inst|temp[16] ; DIV_50M_HZ:inst|temp[0]  ; clk        ; clk      ; None                        ; None                      ; 3.019 ns                ;
; N/A                                     ; 310.56 MHz ( period = 3.220 ns )                    ; DIV_50M_HZ:inst|temp[10] ; DIV_50M_HZ:inst|temp[11] ; clk        ; clk      ; None                        ; None                      ; 3.006 ns                ;
; N/A                                     ; 310.56 MHz ( period = 3.220 ns )                    ; DIV_50M_HZ:inst|temp[10] ; DIV_50M_HZ:inst|temp[7]  ; clk        ; clk      ; None                        ; None                      ; 3.006 ns                ;
; N/A                                     ; 310.56 MHz ( period = 3.220 ns )                    ; DIV_50M_HZ:inst|temp[10] ; DIV_50M_HZ:inst|temp[8]  ; clk        ; clk      ; None                        ; None                      ; 3.006 ns                ;
; N/A                                     ; 310.56 MHz ( period = 3.220 ns )                    ; DIV_50M_HZ:inst|temp[10] ; DIV_50M_HZ:inst|temp[9]  ; clk        ; clk      ; None                        ; None                      ; 3.006 ns                ;
; N/A                                     ; 310.56 MHz ( period = 3.220 ns )                    ; DIV_50M_HZ:inst|temp[10] ; DIV_50M_HZ:inst|temp[10] ; clk        ; clk      ; None                        ; None                      ; 3.006 ns                ;
; N/A                                     ; 310.56 MHz ( period = 3.220 ns )                    ; DIV_50M_HZ:inst|temp[10] ; DIV_50M_HZ:inst|temp[12] ; clk        ; clk      ; None                        ; None                      ; 3.006 ns                ;
; N/A                                     ; 310.56 MHz ( period = 3.220 ns )                    ; DIV_50M_HZ:inst|temp[10] ; DIV_50M_HZ:inst|temp[6]  ; clk        ; clk      ; None                        ; None                      ; 3.006 ns                ;
; N/A                                     ; 310.56 MHz ( period = 3.220 ns )                    ; DIV_50M_HZ:inst|temp[10] ; DIV_50M_HZ:inst|temp[5]  ; clk        ; clk      ; None                        ; None                      ; 3.006 ns                ;
; N/A                                     ; 310.56 MHz ( period = 3.220 ns )                    ; DIV_50M_HZ:inst|temp[10] ; DIV_50M_HZ:inst|temp[4]  ; clk        ; clk      ; None                        ; None                      ; 3.006 ns                ;
; N/A                                     ; 310.56 MHz ( period = 3.220 ns )                    ; DIV_50M_HZ:inst|temp[10] ; DIV_50M_HZ:inst|temp[3]  ; clk        ; clk      ; None                        ; None                      ; 3.006 ns                ;
; N/A                                     ; 310.56 MHz ( period = 3.220 ns )                    ; DIV_50M_HZ:inst|temp[10] ; DIV_50M_HZ:inst|temp[2]  ; clk        ; clk      ; None                        ; None                      ; 3.006 ns                ;
; N/A                                     ; 310.56 MHz ( period = 3.220 ns )                    ; DIV_50M_HZ:inst|temp[10] ; DIV_50M_HZ:inst|temp[1]  ; clk        ; clk      ; None                        ; None                      ; 3.006 ns                ;
; N/A                                     ; 310.56 MHz ( period = 3.220 ns )                    ; DIV_50M_HZ:inst|temp[10] ; DIV_50M_HZ:inst|temp[0]  ; clk        ; clk      ; None                        ; None                      ; 3.006 ns                ;
; N/A                                     ; 310.95 MHz ( period = 3.216 ns )                    ; DIV_50M_HZ:inst|temp[8]  ; DIV_50M_HZ:inst|temp[24] ; clk        ; clk      ; None                        ; None                      ; 3.007 ns                ;
; N/A                                     ; 310.95 MHz ( period = 3.216 ns )                    ; DIV_50M_HZ:inst|temp[1]  ; DIV_50M_HZ:inst|temp[24] ; clk        ; clk      ; None                        ; None                      ; 3.007 ns                ;
; N/A                                     ; 310.95 MHz ( period = 3.216 ns )                    ; DIV_50M_HZ:inst|temp[8]  ; DIV_50M_HZ:inst|temp[25] ; clk        ; clk      ; None                        ; None                      ; 3.007 ns                ;
; N/A                                     ; 310.95 MHz ( period = 3.216 ns )                    ; DIV_50M_HZ:inst|temp[8]  ; DIV_50M_HZ:inst|temp[23] ; clk        ; clk      ; None                        ; None                      ; 3.007 ns                ;
; N/A                                     ; 310.95 MHz ( period = 3.216 ns )                    ; DIV_50M_HZ:inst|temp[8]  ; DIV_50M_HZ:inst|temp[22] ; clk        ; clk      ; None                        ; None                      ; 3.007 ns                ;
; N/A                                     ; 310.95 MHz ( period = 3.216 ns )                    ; DIV_50M_HZ:inst|temp[8]  ; DIV_50M_HZ:inst|temp[21] ; clk        ; clk      ; None                        ; None                      ; 3.007 ns                ;
; N/A                                     ; 310.95 MHz ( period = 3.216 ns )                    ; DIV_50M_HZ:inst|temp[8]  ; DIV_50M_HZ:inst|temp[20] ; clk        ; clk      ; None                        ; None                      ; 3.007 ns                ;
; N/A                                     ; 310.95 MHz ( period = 3.216 ns )                    ; DIV_50M_HZ:inst|temp[8]  ; DIV_50M_HZ:inst|temp[19] ; clk        ; clk      ; None                        ; None                      ; 3.007 ns                ;
; N/A                                     ; 310.95 MHz ( period = 3.216 ns )                    ; DIV_50M_HZ:inst|temp[8]  ; DIV_50M_HZ:inst|temp[17] ; clk        ; clk      ; None                        ; None                      ; 3.007 ns                ;
; N/A                                     ; 310.95 MHz ( period = 3.216 ns )                    ; DIV_50M_HZ:inst|temp[8]  ; DIV_50M_HZ:inst|temp[18] ; clk        ; clk      ; None                        ; None                      ; 3.007 ns                ;
; N/A                                     ; 310.95 MHz ( period = 3.216 ns )                    ; DIV_50M_HZ:inst|temp[8]  ; DIV_50M_HZ:inst|temp[16] ; clk        ; clk      ; None                        ; None                      ; 3.007 ns                ;
; N/A                                     ; 310.95 MHz ( period = 3.216 ns )                    ; DIV_50M_HZ:inst|temp[8]  ; DIV_50M_HZ:inst|temp[14] ; clk        ; clk      ; None                        ; None                      ; 3.007 ns                ;
; N/A                                     ; 310.95 MHz ( period = 3.216 ns )                    ; DIV_50M_HZ:inst|temp[8]  ; DIV_50M_HZ:inst|temp[15] ; clk        ; clk      ; None                        ; None                      ; 3.007 ns                ;
; N/A                                     ; 310.95 MHz ( period = 3.216 ns )                    ; DIV_50M_HZ:inst|temp[8]  ; DIV_50M_HZ:inst|temp[13] ; clk        ; clk      ; None                        ; None                      ; 3.007 ns                ;
; N/A                                     ; 311.53 MHz ( period = 3.210 ns )                    ; DIV_50M_HZ:inst|temp[12] ; DIV_50M_HZ:inst|temp[11] ; clk        ; clk      ; None                        ; None                      ; 2.996 ns                ;
; N/A                                     ; 311.53 MHz ( period = 3.210 ns )                    ; DIV_50M_HZ:inst|temp[12] ; DIV_50M_HZ:inst|temp[7]  ; clk        ; clk      ; None                        ; None                      ; 2.996 ns                ;
; N/A                                     ; 311.53 MHz ( period = 3.210 ns )                    ; DIV_50M_HZ:inst|temp[12] ; DIV_50M_HZ:inst|temp[8]  ; clk        ; clk      ; None                        ; None                      ; 2.996 ns                ;
; N/A                                     ; 311.53 MHz ( period = 3.210 ns )                    ; DIV_50M_HZ:inst|temp[12] ; DIV_50M_HZ:inst|temp[9]  ; clk        ; clk      ; None                        ; None                      ; 2.996 ns                ;
; N/A                                     ; 311.53 MHz ( period = 3.210 ns )                    ; DIV_50M_HZ:inst|temp[12] ; DIV_50M_HZ:inst|temp[10] ; clk        ; clk      ; None                        ; None                      ; 2.996 ns                ;
; N/A                                     ; 311.53 MHz ( period = 3.210 ns )                    ; DIV_50M_HZ:inst|temp[12] ; DIV_50M_HZ:inst|temp[12] ; clk        ; clk      ; None                        ; None                      ; 2.996 ns                ;
; N/A                                     ; 311.53 MHz ( period = 3.210 ns )                    ; DIV_50M_HZ:inst|temp[12] ; DIV_50M_HZ:inst|temp[6]  ; clk        ; clk      ; None                        ; None                      ; 2.996 ns                ;
; N/A                                     ; 311.53 MHz ( period = 3.210 ns )                    ; DIV_50M_HZ:inst|temp[12] ; DIV_50M_HZ:inst|temp[5]  ; clk        ; clk      ; None                        ; None                      ; 2.996 ns                ;
; N/A                                     ; 311.53 MHz ( period = 3.210 ns )                    ; DIV_50M_HZ:inst|temp[12] ; DIV_50M_HZ:inst|temp[4]  ; clk        ; clk      ; None                        ; None                      ; 2.996 ns                ;
; N/A                                     ; 311.53 MHz ( period = 3.210 ns )                    ; DIV_50M_HZ:inst|temp[12] ; DIV_50M_HZ:inst|temp[3]  ; clk        ; clk      ; None                        ; None                      ; 2.996 ns                ;
; N/A                                     ; 311.53 MHz ( period = 3.210 ns )                    ; DIV_50M_HZ:inst|temp[12] ; DIV_50M_HZ:inst|temp[2]  ; clk        ; clk      ; None                        ; None                      ; 2.996 ns                ;
; N/A                                     ; 311.53 MHz ( period = 3.210 ns )                    ; DIV_50M_HZ:inst|temp[12] ; DIV_50M_HZ:inst|temp[1]  ; clk        ; clk      ; None                        ; None                      ; 2.996 ns                ;
; N/A                                     ; 311.53 MHz ( period = 3.210 ns )                    ; DIV_50M_HZ:inst|temp[12] ; DIV_50M_HZ:inst|temp[0]  ; clk        ; clk      ; None                        ; None                      ; 2.996 ns                ;
; N/A                                     ; 313.97 MHz ( period = 3.185 ns )                    ; DIV_50M_HZ:inst|temp[2]  ; DIV_50M_HZ:inst|temp[24] ; clk        ; clk      ; None                        ; None                      ; 2.976 ns                ;
; N/A                                     ; 313.97 MHz ( period = 3.185 ns )                    ; DIV_50M_HZ:inst|temp[3]  ; DIV_50M_HZ:inst|temp[25] ; clk        ; clk      ; None                        ; None                      ; 2.976 ns                ;
; N/A                                     ; 314.07 MHz ( period = 3.184 ns )                    ; DIV_50M_HZ:inst|temp[0]  ; DIV_50M_HZ:inst|temp[22] ; clk        ; clk      ; None                        ; None                      ; 2.975 ns                ;
; N/A                                     ; 315.46 MHz ( period = 3.170 ns )                    ; DIV_50M_HZ:inst|temp[17] ; DIV_50M_HZ:inst|temp[22] ; clk        ; clk      ; None                        ; None                      ; 2.956 ns                ;
; N/A                                     ; 315.46 MHz ( period = 3.170 ns )                    ; DIV_50M_HZ:inst|temp[17] ; DIV_50M_HZ:inst|temp[21] ; clk        ; clk      ; None                        ; None                      ; 2.956 ns                ;
; N/A                                     ; 315.46 MHz ( period = 3.170 ns )                    ; DIV_50M_HZ:inst|temp[17] ; DIV_50M_HZ:inst|temp[20] ; clk        ; clk      ; None                        ; None                      ; 2.956 ns                ;
; N/A                                     ; 315.46 MHz ( period = 3.170 ns )                    ; DIV_50M_HZ:inst|temp[17] ; DIV_50M_HZ:inst|temp[19] ; clk        ; clk      ; None                        ; None                      ; 2.956 ns                ;
; N/A                                     ; 315.46 MHz ( period = 3.170 ns )                    ; DIV_50M_HZ:inst|temp[17] ; DIV_50M_HZ:inst|temp[17] ; clk        ; clk      ; None                        ; None                      ; 2.956 ns                ;
; N/A                                     ; 315.46 MHz ( period = 3.170 ns )                    ; DIV_50M_HZ:inst|temp[17] ; DIV_50M_HZ:inst|temp[18] ; clk        ; clk      ; None                        ; None                      ; 2.956 ns                ;
; N/A                                     ; 315.46 MHz ( period = 3.170 ns )                    ; DIV_50M_HZ:inst|temp[17] ; DIV_50M_HZ:inst|temp[16] ; clk        ; clk      ; None                        ; None                      ; 2.956 ns                ;
; N/A                                     ; 315.46 MHz ( period = 3.170 ns )                    ; DIV_50M_HZ:inst|temp[17] ; DIV_50M_HZ:inst|temp[14] ; clk        ; clk      ; None                        ; None                      ; 2.956 ns                ;
; N/A                                     ; 315.46 MHz ( period = 3.170 ns )                    ; DIV_50M_HZ:inst|temp[17] ; DIV_50M_HZ:inst|temp[15] ; clk        ; clk      ; None                        ; None                      ; 2.956 ns                ;
; Timing analysis restricted to 200 rows. ; To change the limit use Settings (Assignments menu) ;                          ;                          ;            ;          ;                             ;                           ;                         ;
+-----------------------------------------+-----------------------------------------------------+--------------------------+--------------------------+------------+----------+-----------------------------+---------------------------+-------------------------+


+-----------------------------------------------------------------------------------------------------------------------------------------------------------------------------------------+
; Clock Hold: 'clk'                                                                                                                                                                       ;
+------------------------------------------+----------------+----------------+------------+----------+----------------------------+----------------------------+--------------------------+
; Minimum Slack                            ; From           ; To             ; From Clock ; To Clock ; Required Hold Relationship ; Required Shortest P2P Time ; Actual Shortest P2P Time ;
+------------------------------------------+----------------+----------------+------------+----------+----------------------------+----------------------------+--------------------------+
; Not operational: Clock Skew > Data Delay ; 74192:inst2|24 ; 74192:inst2|24 ; clk        ; clk      ; None                       ; None                       ; 0.407 ns                 ;
; Not operational: Clock Skew > Data Delay ; 74192:inst2|25 ; 74192:inst2|25 ; clk        ; clk      ; None                       ; None                       ; 0.407 ns                 ;
+------------------------------------------+----------------+----------------+------------+----------+----------------------------+----------------------------+--------------------------+


+------------------------------------------------------------------------+
; tco                                                                    ;
+-------+--------------+------------+----------------+------+------------+
; Slack ; Required tco ; Actual tco ; From           ; To   ; From Clock ;
+-------+--------------+------------+----------------+------+------------+
; N/A   ; None         ; 14.234 ns  ; 74192:inst2|24 ; out1 ; clk        ;
; N/A   ; None         ; 14.204 ns  ; 74192:inst2|24 ; out2 ; clk        ;
; N/A   ; None         ; 14.041 ns  ; 74192:inst2|24 ; out4 ; clk        ;
; N/A   ; None         ; 14.031 ns  ; 74192:inst2|24 ; out3 ; clk        ;
; N/A   ; None         ; 13.983 ns  ; 74192:inst2|24 ; out6 ; clk        ;
; N/A   ; None         ; 13.974 ns  ; 74192:inst2|24 ; led1 ; clk        ;
; N/A   ; None         ; 13.811 ns  ; 74192:inst2|24 ; led4 ; clk        ;
; N/A   ; None         ; 13.774 ns  ; 74192:inst2|24 ; led7 ; clk        ;
; N/A   ; None         ; 13.773 ns  ; 74192:inst2|24 ; led5 ; clk        ;
; N/A   ; None         ; 13.752 ns  ; 74192:inst2|24 ; out5 ; clk        ;
; N/A   ; None         ; 13.752 ns  ; 74192:inst2|24 ; led6 ; clk        ;
; N/A   ; None         ; 13.743 ns  ; 74192:inst2|24 ; led3 ; clk        ;
; N/A   ; None         ; 13.682 ns  ; 74192:inst2|24 ; led2 ; clk        ;
; N/A   ; None         ; 13.586 ns  ; 74192:inst2|24 ; out0 ; clk        ;
; N/A   ; None         ; 13.488 ns  ; 74192:inst2|24 ; led0 ; clk        ;
; N/A   ; None         ; 12.847 ns  ; 74192:inst2|25 ; out1 ; clk        ;
; N/A   ; None         ; 12.834 ns  ; 74192:inst2|25 ; out2 ; clk        ;
; N/A   ; None         ; 12.635 ns  ; 74192:inst2|25 ; out4 ; clk        ;
; N/A   ; None         ; 12.628 ns  ; 74192:inst2|25 ; led1 ; clk        ;
; N/A   ; None         ; 12.621 ns  ; 74192:inst2|25 ; out3 ; clk        ;
; N/A   ; None         ; 12.610 ns  ; 74192:inst2|25 ; out6 ; clk        ;
; N/A   ; None         ; 12.422 ns  ; 74192:inst2|25 ; led4 ; clk        ;
; N/A   ; None         ; 12.416 ns  ; 74192:inst2|25 ; led5 ; clk        ;
; N/A   ; None         ; 12.402 ns  ; 74192:inst2|25 ; led3 ; clk        ;
; N/A   ; None         ; 12.394 ns  ; 74192:inst2|25 ; led7 ; clk        ;
; N/A   ; None         ; 12.385 ns  ; 74192:inst2|25 ; out5 ; clk        ;
; N/A   ; None         ; 12.339 ns  ; 74192:inst2|25 ; led6 ; clk        ;
; N/A   ; None         ; 12.312 ns  ; 74192:inst2|25 ; led2 ; clk        ;
; N/A   ; None         ; 12.180 ns  ; 74192:inst2|25 ; out0 ; clk        ;
; N/A   ; None         ; 12.142 ns  ; 74192:inst2|25 ; led0 ; clk        ;
; N/A   ; None         ; 11.030 ns  ; 74192:inst2|26 ; out2 ; clk        ;
; N/A   ; None         ; 11.029 ns  ; 74192:inst2|26 ; out1 ; clk        ;
; N/A   ; None         ; 10.824 ns  ; 74192:inst2|26 ; out4 ; clk        ;
; N/A   ; None         ; 10.814 ns  ; 74192:inst2|26 ; out3 ; clk        ;
; N/A   ; None         ; 10.811 ns  ; 74192:inst2|26 ; led1 ; clk        ;
; N/A   ; None         ; 10.793 ns  ; 74192:inst2|26 ; out6 ; clk        ;
; N/A   ; None         ; 10.605 ns  ; 74192:inst2|26 ; led4 ; clk        ;
; N/A   ; None         ; 10.600 ns  ; 74192:inst2|26 ; led5 ; clk        ;
; N/A   ; None         ; 10.586 ns  ; 74192:inst2|26 ; led3 ; clk        ;
; N/A   ; None         ; 10.584 ns  ; 74192:inst2|26 ; led7 ; clk        ;
; N/A   ; None         ; 10.574 ns  ; 74192:inst2|26 ; out5 ; clk        ;
; N/A   ; None         ; 10.538 ns  ; 74192:inst2|26 ; led6 ; clk        ;
; N/A   ; None         ; 10.508 ns  ; 74192:inst2|26 ; led2 ; clk        ;
; N/A   ; None         ; 10.369 ns  ; 74192:inst2|26 ; out0 ; clk        ;
; N/A   ; None         ; 10.327 ns  ; 74192:inst2|26 ; led0 ; clk        ;
+-------+--------------+------------+----------------+------+------------+


+--------------------------+
; Timing Analyzer Messages ;
+--------------------------+
Info: *******************************************************************
Info: Running Quartus II Classic Timing Analyzer
    Info: Version 7.2 Build 151 09/26/2007 SJ Full Version
    Info: Processing started: Thu Dec 07 17:32:05 2023
Info: Command: quartus_tan --read_settings_files=off --write_settings_files=off Block1 -c Block1 --timing_analysis_only
Warning: Found pins functioning as undefined clocks and/or memory enables
    Info: Assuming node "clk" is an undefined clock
Warning: Found 9 node(s) in clock paths which may be acting as ripple and/or gated clocks -- node(s) analyzed as buffer(s) resulting in clock skew
    Info: Detected gated clock "74192:inst2|73" as buffer
    Info: Detected gated clock "74192:inst2|51" as buffer
    Info: Detected ripple clock "74192:inst2|25" as buffer
    Info: Detected ripple clock "74192:inst2|24" as buffer
    Info: Detected gated clock "74192:inst2|73~10" as buffer
    Info: Detected gated clock "74192:inst2|100" as buffer
    Info: Detected ripple clock "74192:inst2|23" as buffer
    Info: Detected ripple clock "DIV_50M_HZ:inst|OUT" as buffer
    Info: Detected ripple clock "74192:inst2|26" as buffer
Info: Clock "clk" has Internal fmax of 280.9 MHz between source register "DIV_50M_HZ:inst|temp[19]" and destination register "DIV_50M_HZ:inst|temp[11]" (period= 3.56 ns)
    Info: + Longest register to register delay is 3.341 ns
        Info: 1: + IC(0.000 ns) + CELL(0.000 ns) = 0.000 ns; Loc. = LCFF_X45_Y5_N13; Fanout = 3; REG Node = 'DIV_50M_HZ:inst|temp[19]'
        Info: 2: + IC(0.744 ns) + CELL(0.420 ns) = 1.164 ns; Loc. = LCCOMB_X46_Y5_N24; Fanout = 1; COMB Node = 'DIV_50M_HZ:inst|LessThan0~401'
        Info: 3: + IC(0.257 ns) + CELL(0.245 ns) = 1.666 ns; Loc. = LCCOMB_X46_Y5_N14; Fanout = 1; COMB Node = 'DIV_50M_HZ:inst|LessThan0~402'
        Info: 4: + IC(0.252 ns) + CELL(0.275 ns) = 2.193 ns; Loc. = LCCOMB_X46_Y5_N0; Fanout = 27; COMB Node = 'DIV_50M_HZ:inst|LessThan0~403'
        Info: 5: + IC(0.638 ns) + CELL(0.510 ns) = 3.341 ns; Loc. = LCFF_X45_Y6_N29; Fanout = 3; REG Node = 'DIV_50M_HZ:inst|temp[11]'
        Info: Total cell delay = 1.450 ns ( 43.40 % )
        Info: Total interconnect delay = 1.891 ns ( 56.60 % )
    Info: - Smallest clock skew is -0.005 ns
        Info: + Shortest clock path from clock "clk" to destination register is 2.679 ns
            Info: 1: + IC(0.000 ns) + CELL(0.999 ns) = 0.999 ns; Loc. = PIN_N2; Fanout = 2; CLK Node = 'clk'
            Info: 2: + IC(0.118 ns) + CELL(0.000 ns) = 1.117 ns; Loc. = CLKCTRL_G2; Fanout = 26; COMB Node = 'clk~clkctrl'
            Info: 3: + IC(1.025 ns) + CELL(0.537 ns) = 2.679 ns; Loc. = LCFF_X45_Y6_N29; Fanout = 3; REG Node = 'DIV_50M_HZ:inst|temp[11]'
            Info: Total cell delay = 1.536 ns ( 57.33 % )
            Info: Total interconnect delay = 1.143 ns ( 42.67 % )
        Info: - Longest clock path from clock "clk" to source register is 2.684 ns
            Info: 1: + IC(0.000 ns) + CELL(0.999 ns) = 0.999 ns; Loc. = PIN_N2; Fanout = 2; CLK Node = 'clk'
            Info: 2: + IC(0.118 ns) + CELL(0.000 ns) = 1.117 ns; Loc. = CLKCTRL_G2; Fanout = 26; COMB Node = 'clk~clkctrl'
            Info: 3: + IC(1.030 ns) + CELL(0.537 ns) = 2.684 ns; Loc. = LCFF_X45_Y5_N13; Fanout = 3; REG Node = 'DIV_50M_HZ:inst|temp[19]'
            Info: Total cell delay = 1.536 ns ( 57.23 % )
            Info: Total interconnect delay = 1.148 ns ( 42.77 % )
    Info: + Micro clock to output delay of source is 0.250 ns
    Info: + Micro setup delay of destination is -0.036 ns
Warning: Circuit may not operate. Detected 2 non-operational path(s) clocked by clock "clk" with clock skew larger than data delay. See Compilation Report for details.
Info: Found hold time violation between source  pin or register "74192:inst2|24" and destination pin or register "74192:inst2|24" for clock "clk" (Hold time is 2.154 ns)
    Info: + Largest clock skew is 2.545 ns
        Info: + Longest clock path from clock "clk" to destination register is 8.341 ns
            Info: 1: + IC(0.000 ns) + CELL(0.999 ns) = 0.999 ns; Loc. = PIN_N2; Fanout = 2; CLK Node = 'clk'
            Info: 2: + IC(2.053 ns) + CELL(0.787 ns) = 3.839 ns; Loc. = LCFF_X46_Y5_N17; Fanout = 5; REG Node = 'DIV_50M_HZ:inst|OUT'
            Info: 3: + IC(0.307 ns) + CELL(0.787 ns) = 4.933 ns; Loc. = LCFF_X46_Y5_N27; Fanout = 18; REG Node = '74192:inst2|26'
            Info: 4: + IC(0.782 ns) + CELL(0.150 ns) = 5.865 ns; Loc. = LCCOMB_X46_Y4_N0; Fanout = 1; COMB Node = '74192:inst2|73'
            Info: 5: + IC(0.226 ns) + CELL(0.787 ns) = 6.878 ns; Loc. = LCFF_X46_Y4_N19; Fanout = 17; REG Node = '74192:inst2|25'
            Info: 6: + IC(0.495 ns) + CELL(0.150 ns) = 7.523 ns; Loc. = LCCOMB_X47_Y4_N0; Fanout = 1; COMB Node = '74192:inst2|51'
            Info: 7: + IC(0.281 ns) + CELL(0.537 ns) = 8.341 ns; Loc. = LCFF_X47_Y4_N15; Fanout = 16; REG Node = '74192:inst2|24'
            Info: Total cell delay = 4.197 ns ( 50.32 % )
            Info: Total interconnect delay = 4.144 ns ( 49.68 % )
        Info: - Shortest clock path from clock "clk" to source register is 5.796 ns
            Info: 1: + IC(0.000 ns) + CELL(0.999 ns) = 0.999 ns; Loc. = PIN_N2; Fanout = 2; CLK Node = 'clk'
            Info: 2: + IC(2.053 ns) + CELL(0.787 ns) = 3.839 ns; Loc. = LCFF_X46_Y5_N17; Fanout = 5; REG Node = 'DIV_50M_HZ:inst|OUT'
            Info: 3: + IC(0.719 ns) + CELL(0.420 ns) = 4.978 ns; Loc. = LCCOMB_X47_Y4_N0; Fanout = 1; COMB Node = '74192:inst2|51'
            Info: 4: + IC(0.281 ns) + CELL(0.537 ns) = 5.796 ns; Loc. = LCFF_X47_Y4_N15; Fanout = 16; REG Node = '74192:inst2|24'
            Info: Total cell delay = 2.743 ns ( 47.33 % )
            Info: Total interconnect delay = 3.053 ns ( 52.67 % )
    Info: - Micro clock to output delay of source is 0.250 ns
    Info: - Shortest register to register delay is 0.407 ns
        Info: 1: + IC(0.000 ns) + CELL(0.000 ns) = 0.000 ns; Loc. = LCFF_X47_Y4_N15; Fanout = 16; REG Node = '74192:inst2|24'
        Info: 2: + IC(0.000 ns) + CELL(0.323 ns) = 0.323 ns; Loc. = LCCOMB_X47_Y4_N14; Fanout = 1; COMB Node = '74192:inst2|24~13'
        Info: 3: + IC(0.000 ns) + CELL(0.084 ns) = 0.407 ns; Loc. = LCFF_X47_Y4_N15; Fanout = 16; REG Node = '74192:inst2|24'
        Info: Total cell delay = 0.407 ns ( 100.00 % )
    Info: + Micro hold delay of destination is 0.266 ns
Info: tco from clock "clk" to destination pin "out1" through register "74192:inst2|24" is 14.234 ns
    Info: + Longest clock path from clock "clk" to source register is 8.341 ns
        Info: 1: + IC(0.000 ns) + CELL(0.999 ns) = 0.999 ns; Loc. = PIN_N2; Fanout = 2; CLK Node = 'clk'
        Info: 2: + IC(2.053 ns) + CELL(0.787 ns) = 3.839 ns; Loc. = LCFF_X46_Y5_N17; Fanout = 5; REG Node = 'DIV_50M_HZ:inst|OUT'
        Info: 3: + IC(0.307 ns) + CELL(0.787 ns) = 4.933 ns; Loc. = LCFF_X46_Y5_N27; Fanout = 18; REG Node = '74192:inst2|26'
        Info: 4: + IC(0.782 ns) + CELL(0.150 ns) = 5.865 ns; Loc. = LCCOMB_X46_Y4_N0; Fanout = 1; COMB Node = '74192:inst2|73'
        Info: 5: + IC(0.226 ns) + CELL(0.787 ns) = 6.878 ns; Loc. = LCFF_X46_Y4_N19; Fanout = 17; REG Node = '74192:inst2|25'
        Info: 6: + IC(0.495 ns) + CELL(0.150 ns) = 7.523 ns; Loc. = LCCOMB_X47_Y4_N0; Fanout = 1; COMB Node = '74192:inst2|51'
        Info: 7: + IC(0.281 ns) + CELL(0.537 ns) = 8.341 ns; Loc. = LCFF_X47_Y4_N15; Fanout = 16; REG Node = '74192:inst2|24'
        Info: Total cell delay = 4.197 ns ( 50.32 % )
        Info: Total interconnect delay = 4.144 ns ( 49.68 % )
    Info: + Micro clock to output delay of source is 0.250 ns
    Info: + Longest register to pin delay is 5.643 ns
        Info: 1: + IC(0.000 ns) + CELL(0.000 ns) = 0.000 ns; Loc. = LCFF_X47_Y4_N15; Fanout = 16; REG Node = '74192:inst2|24'
        Info: 2: + IC(0.405 ns) + CELL(0.419 ns) = 0.824 ns; Loc. = LCCOMB_X47_Y4_N2; Fanout = 1; COMB Node = '7447:inst4|82~22'
        Info: 3: + IC(2.051 ns) + CELL(2.768 ns) = 5.643 ns; Loc. = PIN_AB12; Fanout = 0; PIN Node = 'out1'
        Info: Total cell delay = 3.187 ns ( 56.48 % )
        Info: Total interconnect delay = 2.456 ns ( 43.52 % )
Info: Quartus II Classic Timing Analyzer was successful. 0 errors, 3 warnings
    Info: Allocated 175 megabytes of memory during processing
    Info: Processing ended: Thu Dec 07 17:32:05 2023
    Info: Elapsed time: 00:00:00


